Using pre-set license
Built from '2021.1/staging' branch; Version is '2021.1.19f1 (5f5eb8bbdc25) revision 6250168'; Using compiler version '192528614'; Build Type 'Release'
OS: 'Windows 10 Home; OS build 22000.493; Version 2009; 64bit' Language: 'en' Physical Memory: 8112 MB
BatchMode: 1, IsHumanControllingUs: 0, StartBugReporterOnCrash: 0, Is64bit: 1, IsPro: 0

COMMAND LINE ARGUMENTS:
D:\Unity\2021.1.19f1\Editor\Unity.exe
-adb2
-batchMode
-noUpm
-name
AssetImportWorker5
-projectPath
D:/GitHub/Ghost_Busters/Ghost_Busters
-logFile
Logs/AssetImportWorker5.log
-srvPort
50041
Successfully changed project path to: D:/GitHub/Ghost_Busters/Ghost_Busters
D:/GitHub/Ghost_Busters/Ghost_Busters
Using Asset Import Pipeline V2.
Refreshing native plugins compatible for Editor in 53.51 ms, found 2 plugins.
Preloading 0 native plugins for Editor in 0.00 ms.
Initialize engine version: 2021.1.19f1 (5f5eb8bbdc25)
[Subsystems] Discovering subsystems at path D:/Unity/2021.1.19f1/Editor/Data/Resources/UnitySubsystems
[Subsystems] Discovering subsystems at path D:/GitHub/Ghost_Busters/Ghost_Busters/Assets
GfxDevice: creating device client; threaded=0; jobified=0
Direct3D:
    Version:  Direct3D 11.0 [level 11.1]
    Renderer: NVIDIA GeForce GTX 1660 Ti (ID=0x2191)
    Vendor:   NVIDIA
    VRAM:     5991 MB
    Driver:   27.21.14.5749
Initialize mono
Mono path[0] = 'D:/Unity/2021.1.19f1/Editor/Data/Managed'
Mono path[1] = 'D:/Unity/2021.1.19f1/Editor/Data/MonoBleedingEdge/lib/mono/unityjit'
Mono config path = 'D:/Unity/2021.1.19f1/Editor/Data/MonoBleedingEdge/etc'
Using monoOptions --debugger-agent=transport=dt_socket,embedding=1,server=y,suspend=n,address=127.0.0.1:56248
Begin MonoManager ReloadAssembly
Registering precompiled unity dll's ...
Register platform support module: D:/Unity/2021.1.19f1/Editor/Data/PlaybackEngines/WebGLSupport/UnityEditor.WebGL.Extensions.dll
Register platform support module: D:/Unity/2021.1.19f1/Editor/Data/PlaybackEngines/WindowsStandaloneSupport/UnityEditor.WindowsStandalone.Extensions.dll
Registered in 0.000926 seconds.
Native extension for WindowsStandalone target not found
Native extension for WebGL target not found
Refreshing native plugins compatible for Editor in 54.70 ms, found 2 plugins.
Preloading 0 native plugins for Editor in 0.00 ms.
Mono: successfully reloaded assembly
- Completed reload, in  2.094 seconds
Domain Reload Profiling:
	ReloadAssembly (2095ms)
		BeginReloadAssembly (59ms)
			ExecutionOrderSort (0ms)
			DisableScriptedObjects (0ms)
			BackupInstance (0ms)
			ReleaseScriptingObjects (0ms)
			CreateAndSetChildDomain (1ms)
		EndReloadAssembly (502ms)
			LoadAssemblies (58ms)
			RebuildTransferFunctionScriptingTraits (0ms)
			SetupTypeCache (205ms)
			ReleaseScriptCaches (0ms)
			RebuildScriptCaches (41ms)
			SetupLoadedEditorAssemblies (211ms)
				LogAssemblyErrors (0ms)
				InitializePlatformSupportModulesInManaged (8ms)
				SetLoadedEditorAssemblies (0ms)
				RefreshPlugins (55ms)
				BeforeProcessingInitializeOnLoad (2ms)
				ProcessInitializeOnLoadAttributes (114ms)
				ProcessInitializeOnLoadMethodAttributes (32ms)
				AfterProcessingInitializeOnLoad (0ms)
				EditorAssembliesLoaded (0ms)
			ExecutionOrderSort2 (0ms)
			AwakeInstancesAfterBackupRestoration (0ms)
Platform modules already initialized, skipping
Registering precompiled user dll's ...
Registered in 0.001867 seconds.
Begin MonoManager ReloadAssembly
Native extension for WindowsStandalone target not found
Native extension for WebGL target not found
Refreshing native plugins compatible for Editor in 55.43 ms, found 2 plugins.
Preloading 0 native plugins for Editor in 0.00 ms.
Mono: successfully reloaded assembly
- Completed reload, in  1.520 seconds
Domain Reload Profiling:
	ReloadAssembly (1520ms)
		BeginReloadAssembly (161ms)
			ExecutionOrderSort (0ms)
			DisableScriptedObjects (5ms)
			BackupInstance (0ms)
			ReleaseScriptingObjects (0ms)
			CreateAndSetChildDomain (22ms)
		EndReloadAssembly (1300ms)
			LoadAssemblies (92ms)
			RebuildTransferFunctionScriptingTraits (0ms)
			SetupTypeCache (377ms)
			ReleaseScriptCaches (1ms)
			RebuildScriptCaches (66ms)
			SetupLoadedEditorAssemblies (661ms)
				LogAssemblyErrors (0ms)
				InitializePlatformSupportModulesInManaged (5ms)
				SetLoadedEditorAssemblies (0ms)
				RefreshPlugins (55ms)
				BeforeProcessingInitializeOnLoad (75ms)
				ProcessInitializeOnLoadAttributes (519ms)
				ProcessInitializeOnLoadMethodAttributes (5ms)
				AfterProcessingInitializeOnLoad (2ms)
				EditorAssembliesLoaded (0ms)
			ExecutionOrderSort2 (0ms)
			AwakeInstancesAfterBackupRestoration (7ms)
Platform modules already initialized, skipping
========================================================================
Worker process is ready to serve import requests
Launched and connected shader compiler UnityShaderCompiler.exe after 0.32 seconds
Refreshing native plugins compatible for Editor in 1.48 ms, found 2 plugins.
Preloading 0 native plugins for Editor in 0.00 ms.
Unloading 3039 Unused Serialized files (Serialized files now loaded: 0)
System memory in use before: 136.5 MB.
System memory in use after: 136.7 MB.

Unloading 18 unused Assets to reduce memory usage. Loaded Objects now: 3492.
Total: 4.681200 ms (FindLiveObjects: 0.353900 ms CreateObjectMapping: 0.276900 ms MarkObjects: 3.971300 ms  DeleteObjects: 0.077500 ms)

AssetImportParameters requested are different than current active one (requested -> active):
  custom:framework-win-MediaFoundation: 216162199b28c13a410421893ffa2e32 -> 
  custom:video-decoder-ogg-theora: a1e56fd34408186e4bbccfd4996cb3dc -> 
  custom:container-muxer-webm: aa71ff27fc2769a1b78a27578f13a17b -> 
  custom:container-demuxer-webm: 4f35f7cbe854078d1ac9338744f61a02 -> 
  custom:container-demuxer-ogg: 62fdf1f143b41e24485cea50d1cbac27 -> 
  custom:video-encoder-webm-vp8: eb34c28f22e8b96e1ab97ce403110664 -> 
  custom:video-codec-MediaFoundation-h265: 746d11721c4dcdbdad8f713fa42b33f4 -> 
  custom:video-decoder-webm-vp8: 9c59270c3fd7afecdb556c50c9e8de78 -> 
  custom:audio-decoder-ogg-vorbis: bf7c407c2cedff20999df2af8eb42d56 -> 
  custom:audio-encoder-webm-vorbis: bf7c407c2cedff20999df2af8eb42d56 -> 
========================================================================
Received Import Request.
  path: Assets/Scripts/CharacterController/Weapon Types/Vacuum/VacuumGhost.cs
  artifactKey: Guid(0dac7c2b32d0f9e49968aa5797d9db18) Importer(815301076,1909f56bfc062723c751e8b465ee728b)
Start importing Assets/Scripts/CharacterController/Weapon Types/Vacuum/VacuumGhost.cs using Guid(0dac7c2b32d0f9e49968aa5797d9db18) Importer(815301076,1909f56bfc062723c751e8b465ee728b)  -> (artifact id: '373f448d799693ccc7403878f52f63e3') in 0.062800 seconds 
========================================================================
Received Import Request.
  Time since last request: 332.911302 seconds.
  path: Assets/Scripts/CharacterController/Weapon Types/Vacuum/VacuumGhost.cs
  artifactKey: Guid(0dac7c2b32d0f9e49968aa5797d9db18) Importer(815301076,1909f56bfc062723c751e8b465ee728b)
Start importing Assets/Scripts/CharacterController/Weapon Types/Vacuum/VacuumGhost.cs using Guid(0dac7c2b32d0f9e49968aa5797d9db18) Importer(815301076,1909f56bfc062723c751e8b465ee728b)  -> (artifact id: '71e71bae563b5bd542e9cb02409820f2') in 0.002985 seconds 
========================================================================
Received Import Request.
  Time since last request: 43.341732 seconds.
  path: Assets/Scripts/CharacterController/Weapon Types/Vacuum/VacuumGhost.cs
  artifactKey: Guid(0dac7c2b32d0f9e49968aa5797d9db18) Importer(815301076,1909f56bfc062723c751e8b465ee728b)
Start importing Assets/Scripts/CharacterController/Weapon Types/Vacuum/VacuumGhost.cs using Guid(0dac7c2b32d0f9e49968aa5797d9db18) Importer(815301076,1909f56bfc062723c751e8b465ee728b)  -> (artifact id: '34718f26fabad4503783f5dba67f42b1') in 0.006348 seconds 
========================================================================
Received Import Request.
  Time since last request: 3.825128 seconds.
  path: Assets/Scripts/CharacterController/Weapon Types/Vacuum/VacuumGhost.cs
  artifactKey: Guid(0dac7c2b32d0f9e49968aa5797d9db18) Importer(815301076,1909f56bfc062723c751e8b465ee728b)
Start importing Assets/Scripts/CharacterController/Weapon Types/Vacuum/VacuumGhost.cs using Guid(0dac7c2b32d0f9e49968aa5797d9db18) Importer(815301076,1909f56bfc062723c751e8b465ee728b)  -> (artifact id: '1e40c0703eebe327c44a268408b9b3ec') in 0.004851 seconds 
========================================================================
Received Import Request.
  Time since last request: 13.695909 seconds.
  path: Assets/Scripts/CharacterController/Weapon Types/Vacuum/VacuumGhost.cs
  artifactKey: Guid(0dac7c2b32d0f9e49968aa5797d9db18) Importer(815301076,1909f56bfc062723c751e8b465ee728b)
Start importing Assets/Scripts/CharacterController/Weapon Types/Vacuum/VacuumGhost.cs using Guid(0dac7c2b32d0f9e49968aa5797d9db18) Importer(815301076,1909f56bfc062723c751e8b465ee728b)  -> (artifact id: 'a62b2c5b497f5adcfa845d2bdb7bff6c') in 0.008984 seconds 
========================================================================
Received Import Request.
  Time since last request: 190.850229 seconds.
  path: Assets/Scripts/CharacterController/Weapon Types/Vacuum/Vacuum.cs
  artifactKey: Guid(0dac7c2b32d0f9e49968aa5797d9db18) Importer(815301076,1909f56bfc062723c751e8b465ee728b)
Start importing Assets/Scripts/CharacterController/Weapon Types/Vacuum/Vacuum.cs using Guid(0dac7c2b32d0f9e49968aa5797d9db18) Importer(815301076,1909f56bfc062723c751e8b465ee728b)  -> (artifact id: '7b3e9c82f2b72189a9634af68104130e') in 0.012585 seconds 
========================================================================
Received Import Request.
  Time since last request: 105.119426 seconds.
  path: Assets/Scripts/CharacterController/Weapon Types/Vacuum/Vacuum.cs
  artifactKey: Guid(0dac7c2b32d0f9e49968aa5797d9db18) Importer(815301076,1909f56bfc062723c751e8b465ee728b)
Start importing Assets/Scripts/CharacterController/Weapon Types/Vacuum/Vacuum.cs using Guid(0dac7c2b32d0f9e49968aa5797d9db18) Importer(815301076,1909f56bfc062723c751e8b465ee728b)  -> (artifact id: '6fd922a24eee8c12ac7e25ba13a9a1c3') in 0.008806 seconds 
========================================================================
Received Import Request.
  Time since last request: 4.108212 seconds.
  path: Assets/Scripts/CharacterController/Weapon Types/Vacuum/Vacuum.cs
  artifactKey: Guid(0dac7c2b32d0f9e49968aa5797d9db18) Importer(815301076,1909f56bfc062723c751e8b465ee728b)
Start importing Assets/Scripts/CharacterController/Weapon Types/Vacuum/Vacuum.cs using Guid(0dac7c2b32d0f9e49968aa5797d9db18) Importer(815301076,1909f56bfc062723c751e8b465ee728b)  -> (artifact id: '036702657a461ab9f4b78adbcf2ec431') in 0.005276 seconds 
========================================================================
Received Prepare
Registering precompiled user dll's ...
Registered in 0.002815 seconds.
Begin MonoManager ReloadAssembly
Native extension for WindowsStandalone target not found
Native extension for WebGL target not found
Refreshing native plugins compatible for Editor in 0.60 ms, found 2 plugins.
Preloading 0 native plugins for Editor in 0.00 ms.
Mono: successfully reloaded assembly
- Completed reload, in  1.232 seconds
Domain Reload Profiling:
	ReloadAssembly (1233ms)
		BeginReloadAssembly (161ms)
			ExecutionOrderSort (0ms)
			DisableScriptedObjects (6ms)
			BackupInstance (0ms)
			ReleaseScriptingObjects (0ms)
			CreateAndSetChildDomain (54ms)
		EndReloadAssembly (1016ms)
			LoadAssemblies (111ms)
			RebuildTransferFunctionScriptingTraits (0ms)
			SetupTypeCache (365ms)
			ReleaseScriptCaches (1ms)
			RebuildScriptCaches (63ms)
			SetupLoadedEditorAssemblies (353ms)
				LogAssemblyErrors (0ms)
				InitializePlatformSupportModulesInManaged (6ms)
				SetLoadedEditorAssemblies (0ms)
				RefreshPlugins (1ms)
				BeforeProcessingInitializeOnLoad (73ms)
				ProcessInitializeOnLoadAttributes (265ms)
				ProcessInitializeOnLoadMethodAttributes (5ms)
				AfterProcessingInitializeOnLoad (2ms)
				EditorAssembliesLoaded (0ms)
			ExecutionOrderSort2 (0ms)
			AwakeInstancesAfterBackupRestoration (10ms)
Platform modules already initialized, skipping
Refreshing native plugins compatible for Editor in 0.64 ms, found 2 plugins.
Preloading 0 native plugins for Editor in 0.00 ms.
Unloading 2930 Unused Serialized files (Serialized files now loaded: 0)
System memory in use before: 129.5 MB.
System memory in use after: 129.7 MB.

Unloading 12 unused Assets to reduce memory usage. Loaded Objects now: 3494.
Total: 3.952900 ms (FindLiveObjects: 0.254500 ms CreateObjectMapping: 0.143900 ms MarkObjects: 3.525700 ms  DeleteObjects: 0.027400 ms)

AssetImportParameters requested are different than current active one (requested -> active):
  custom:framework-win-MediaFoundation: 216162199b28c13a410421893ffa2e32 -> 
  custom:video-decoder-ogg-theora: a1e56fd34408186e4bbccfd4996cb3dc -> 
  custom:container-muxer-webm: aa71ff27fc2769a1b78a27578f13a17b -> 
  custom:container-demuxer-webm: 4f35f7cbe854078d1ac9338744f61a02 -> 
  custom:container-demuxer-ogg: 62fdf1f143b41e24485cea50d1cbac27 -> 
  custom:video-encoder-webm-vp8: eb34c28f22e8b96e1ab97ce403110664 -> 
  custom:video-codec-MediaFoundation-h265: 746d11721c4dcdbdad8f713fa42b33f4 -> 
  custom:video-decoder-webm-vp8: 9c59270c3fd7afecdb556c50c9e8de78 -> 
  custom:audio-decoder-ogg-vorbis: bf7c407c2cedff20999df2af8eb42d56 -> 
  custom:audio-encoder-webm-vorbis: bf7c407c2cedff20999df2af8eb42d56 -> 
AssetImportWorkerClient::OnTransportError - code=2 error=End of file
