Using pre-set license
Built from '2021.1/staging' branch; Version is '2021.1.19f1 (5f5eb8bbdc25) revision 6250168'; Using compiler version '192528614'; Build Type 'Release'
OS: 'Windows 10 Home; OS build 19044.1645; Version 2009; 64bit' Language: 'en' Physical Memory: 16303 MB
BatchMode: 1, IsHumanControllingUs: 0, StartBugReporterOnCrash: 0, Is64bit: 1, IsPro: 0

COMMAND LINE ARGUMENTS:
C:\Program Files\Unity 2021.1.19f1\Editor\Unity.exe
-adb2
-batchMode
-noUpm
-name
AssetImportWorker0
-projectPath
D:/Uni/3rdY - 2022 Tri 2/Teamwork/Ghost_Bubbers/Ghost_Busters
-logFile
Logs/AssetImportWorker0.log
-srvPort
59406
Successfully changed project path to: D:/Uni/3rdY - 2022 Tri 2/Teamwork/Ghost_Bubbers/Ghost_Busters
D:/Uni/3rdY - 2022 Tri 2/Teamwork/Ghost_Bubbers/Ghost_Busters
Using Asset Import Pipeline V2.
Refreshing native plugins compatible for Editor in 72.80 ms, found 2 plugins.
Preloading 0 native plugins for Editor in 0.00 ms.
Initialize engine version: 2021.1.19f1 (5f5eb8bbdc25)
[Subsystems] Discovering subsystems at path C:/Program Files/Unity 2021.1.19f1/Editor/Data/Resources/UnitySubsystems
[Subsystems] Discovering subsystems at path D:/Uni/3rdY - 2022 Tri 2/Teamwork/Ghost_Bubbers/Ghost_Busters/Assets
GfxDevice: creating device client; threaded=0; jobified=0
Direct3D:
    Version:  Direct3D 11.0 [level 11.1]
    Renderer: NVIDIA GeForce RTX 2070 with Max-Q Design (ID=0x1f50)
    Vendor:   NVIDIA
    VRAM:     8031 MB
    Driver:   30.0.15.1215
Initialize mono
Mono path[0] = 'C:/Program Files/Unity 2021.1.19f1/Editor/Data/Managed'
Mono path[1] = 'C:/Program Files/Unity 2021.1.19f1/Editor/Data/MonoBleedingEdge/lib/mono/unityjit'
Mono config path = 'C:/Program Files/Unity 2021.1.19f1/Editor/Data/MonoBleedingEdge/etc'
Using monoOptions --debugger-agent=transport=dt_socket,embedding=1,server=y,suspend=n,address=127.0.0.1:56260
Begin MonoManager ReloadAssembly
Registering precompiled unity dll's ...
Register platform support module: C:/Program Files/Unity 2021.1.19f1/Editor/Data/PlaybackEngines/WebGLSupport/UnityEditor.WebGL.Extensions.dll
Register platform support module: C:/Program Files/Unity 2021.1.19f1/Editor/Data/PlaybackEngines/WindowsStandaloneSupport/UnityEditor.WindowsStandalone.Extensions.dll
Registered in 0.002850 seconds.
Native extension for WindowsStandalone target not found
Native extension for WebGL target not found
Refreshing native plugins compatible for Editor in 63.73 ms, found 2 plugins.
Preloading 0 native plugins for Editor in 0.00 ms.
Mono: successfully reloaded assembly
- Completed reload, in  1.613 seconds
Domain Reload Profiling:
	ReloadAssembly (1613ms)
		BeginReloadAssembly (74ms)
			ExecutionOrderSort (0ms)
			DisableScriptedObjects (0ms)
			BackupInstance (0ms)
			ReleaseScriptingObjects (0ms)
			CreateAndSetChildDomain (1ms)
		EndReloadAssembly (478ms)
			LoadAssemblies (72ms)
			RebuildTransferFunctionScriptingTraits (0ms)
			SetupTypeCache (176ms)
			ReleaseScriptCaches (0ms)
			RebuildScriptCaches (37ms)
			SetupLoadedEditorAssemblies (215ms)
				LogAssemblyErrors (0ms)
				InitializePlatformSupportModulesInManaged (8ms)
				SetLoadedEditorAssemblies (0ms)
				RefreshPlugins (64ms)
				BeforeProcessingInitializeOnLoad (2ms)
				ProcessInitializeOnLoadAttributes (110ms)
				ProcessInitializeOnLoadMethodAttributes (31ms)
				AfterProcessingInitializeOnLoad (0ms)
				EditorAssembliesLoaded (0ms)
			ExecutionOrderSort2 (0ms)
			AwakeInstancesAfterBackupRestoration (0ms)
Platform modules already initialized, skipping
Registering precompiled user dll's ...
Registered in 0.003455 seconds.
Begin MonoManager ReloadAssembly
Native extension for WindowsStandalone target not found
Native extension for WebGL target not found
Refreshing native plugins compatible for Editor in 63.95 ms, found 2 plugins.
Preloading 0 native plugins for Editor in 0.00 ms.
Mono: successfully reloaded assembly
- Completed reload, in  1.777 seconds
Domain Reload Profiling:
	ReloadAssembly (1777ms)
		BeginReloadAssembly (164ms)
			ExecutionOrderSort (0ms)
			DisableScriptedObjects (5ms)
			BackupInstance (0ms)
			ReleaseScriptingObjects (0ms)
			CreateAndSetChildDomain (21ms)
		EndReloadAssembly (1550ms)
			LoadAssemblies (522ms)
			RebuildTransferFunctionScriptingTraits (0ms)
			SetupTypeCache (353ms)
			ReleaseScriptCaches (1ms)
			RebuildScriptCaches (71ms)
			SetupLoadedEditorAssemblies (508ms)
				LogAssemblyErrors (0ms)
				InitializePlatformSupportModulesInManaged (5ms)
				SetLoadedEditorAssemblies (0ms)
				RefreshPlugins (64ms)
				BeforeProcessingInitializeOnLoad (95ms)
				ProcessInitializeOnLoadAttributes (330ms)
				ProcessInitializeOnLoadMethodAttributes (5ms)
				AfterProcessingInitializeOnLoad (8ms)
				EditorAssembliesLoaded (0ms)
			ExecutionOrderSort2 (0ms)
			AwakeInstancesAfterBackupRestoration (7ms)
Platform modules already initialized, skipping
========================================================================
Worker process is ready to serve import requests
Launched and connected shader compiler UnityShaderCompiler.exe after 0.31 seconds
Refreshing native plugins compatible for Editor in 0.57 ms, found 2 plugins.
Preloading 0 native plugins for Editor in 0.00 ms.
Unloading 3608 Unused Serialized files (Serialized files now loaded: 0)
System memory in use before: 160.8 MB.
System memory in use after: 161.0 MB.

Unloading 19 unused Assets to reduce memory usage. Loaded Objects now: 4067.
Total: 3.871400 ms (FindLiveObjects: 0.412600 ms CreateObjectMapping: 0.220900 ms MarkObjects: 3.157300 ms  DeleteObjects: 0.079400 ms)

AssetImportParameters requested are different than current active one (requested -> active):
  custom:framework-win-MediaFoundation: 216162199b28c13a410421893ffa2e32 -> 
  custom:video-decoder-ogg-theora: a1e56fd34408186e4bbccfd4996cb3dc -> 
  custom:container-muxer-webm: aa71ff27fc2769a1b78a27578f13a17b -> 
  custom:container-demuxer-webm: 4f35f7cbe854078d1ac9338744f61a02 -> 
  custom:container-demuxer-ogg: 62fdf1f143b41e24485cea50d1cbac27 -> 
  custom:video-encoder-webm-vp8: eb34c28f22e8b96e1ab97ce403110664 -> 
  custom:video-codec-MediaFoundation-h265: 746d11721c4dcdbdad8f713fa42b33f4 -> 
  custom:video-decoder-webm-vp8: 9c59270c3fd7afecdb556c50c9e8de78 -> 
  custom:audio-decoder-ogg-vorbis: bf7c407c2cedff20999df2af8eb42d56 -> 
  custom:audio-encoder-webm-vorbis: bf7c407c2cedff20999df2af8eb42d56 -> 
========================================================================
Received Import Request.
  path: Assets/Scripts/Environment/PhysicalObject.cs
  artifactKey: Guid(68d08c70fa005e541b629360f01bf855) Importer(815301076,1909f56bfc062723c751e8b465ee728b)
Start importing Assets/Scripts/Environment/PhysicalObject.cs using Guid(68d08c70fa005e541b629360f01bf855) Importer(815301076,1909f56bfc062723c751e8b465ee728b)  -> (artifact id: 'fdfffa0e206a5cedb2e95fab600c8a75') in 0.028625 seconds 
========================================================================
Received Import Request.
  Time since last request: 0.000285 seconds.
  path: Assets/Scripts/Environment/TV.cs
  artifactKey: Guid(4480d5472a1040f49bf8540e1b3d162d) Importer(815301076,1909f56bfc062723c751e8b465ee728b)
Start importing Assets/Scripts/Environment/TV.cs using Guid(4480d5472a1040f49bf8540e1b3d162d) Importer(815301076,1909f56bfc062723c751e8b465ee728b)  -> (artifact id: '6f3092af78f5a0d2b8c98679f3098e44') in 0.006234 seconds 
========================================================================
Received Import Request.
  Time since last request: 0.000232 seconds.
  path: Assets/Scripts/Environment/Possessable.cs
  artifactKey: Guid(b68afa17d32db7243b4352402fd7ef28) Importer(815301076,1909f56bfc062723c751e8b465ee728b)
Start importing Assets/Scripts/Environment/Possessable.cs using Guid(b68afa17d32db7243b4352402fd7ef28) Importer(815301076,1909f56bfc062723c751e8b465ee728b)  -> (artifact id: '1e6fcf082074706e2a7a536eccbf580a') in 0.005171 seconds 
========================================================================
Received Import Request.
  Time since last request: 45.625813 seconds.
  path: Assets/Rosa
  artifactKey: Guid(f0a4a9a77e166674eab906b70600443b) Importer(815301076,1909f56bfc062723c751e8b465ee728b)
Start importing Assets/Rosa using Guid(f0a4a9a77e166674eab906b70600443b) Importer(815301076,1909f56bfc062723c751e8b465ee728b)  -> (artifact id: '48339f43fb18a9cb1f84b270deeaf37d') in 0.007800 seconds 
========================================================================
Received Import Request.
  Time since last request: 10.373466 seconds.
  path: Assets/Materials/M_Ghost_Temp.mat
  artifactKey: Guid(79b91b0b5be748842a649d8a2620387b) Importer(815301076,1909f56bfc062723c751e8b465ee728b)
Start importing Assets/Materials/M_Ghost_Temp.mat using Guid(79b91b0b5be748842a649d8a2620387b) Importer(815301076,1909f56bfc062723c751e8b465ee728b)  -> (artifact id: '294d9b1d7543c4e91d835a5e78873a5a') in 0.266679 seconds 
========================================================================
Received Import Request.
  Time since last request: 23.834393 seconds.
  path: Assets/Rosa/FinalAssets
  artifactKey: Guid(f93bc0d0b16fe1748a57c6c436d0c38f) Importer(815301076,1909f56bfc062723c751e8b465ee728b)
Start importing Assets/Rosa/FinalAssets using Guid(f93bc0d0b16fe1748a57c6c436d0c38f) Importer(815301076,1909f56bfc062723c751e8b465ee728b)  -> (artifact id: 'ce7d59d52d6f478a9c590255fc81db81') in 0.007104 seconds 
AssetImportWorkerClient::OnTransportError - code=2 error=End of file
